{"total": {"lines":{"total":35,"covered":33,"skipped":0,"pct":94.28},"statements":{"total":43,"covered":39,"skipped":0,"pct":90.69},"functions":{"total":10,"covered":10,"skipped":0,"pct":100},"branches":{"total":7,"covered":5,"skipped":0,"pct":71.42},"branchesTrue":{"total":0,"covered":0,"skipped":0,"pct":100}}
,"/Users/imanolrodriguezdemaya/www/js-cardfight-vanguard-library/src/index.ts": {"lines":{"total":3,"covered":3,"skipped":0,"pct":100},"functions":{"total":3,"covered":3,"skipped":0,"pct":100},"statements":{"total":5,"covered":5,"skipped":0,"pct":100},"branches":{"total":0,"covered":0,"skipped":0,"pct":100}}
,"/Users/imanolrodriguezdemaya/www/js-cardfight-vanguard-library/src/helpers/utils.ts": {"lines":{"total":7,"covered":7,"skipped":0,"pct":100},"functions":{"total":1,"covered":1,"skipped":0,"pct":100},"statements":{"total":7,"covered":7,"skipped":0,"pct":100},"branches":{"total":1,"covered":1,"skipped":0,"pct":100}}
,"/Users/imanolrodriguezdemaya/www/js-cardfight-vanguard-library/src/services/getCards.ts": {"lines":{"total":18,"covered":17,"skipped":0,"pct":94.44},"functions":{"total":4,"covered":4,"skipped":0,"pct":100},"statements":{"total":23,"covered":20,"skipped":0,"pct":86.95},"branches":{"total":6,"covered":4,"skipped":0,"pct":66.66}}
,"/Users/imanolrodriguezdemaya/www/js-cardfight-vanguard-library/src/services/getSets.ts": {"lines":{"total":7,"covered":6,"skipped":0,"pct":85.71},"functions":{"total":2,"covered":2,"skipped":0,"pct":100},"statements":{"total":8,"covered":7,"skipped":0,"pct":87.5},"branches":{"total":0,"covered":0,"skipped":0,"pct":100}}
}
