{"total": {"lines":{"total":32,"covered":30,"skipped":0,"pct":93.75},"statements":{"total":42,"covered":38,"skipped":0,"pct":90.47},"functions":{"total":9,"covered":9,"skipped":0,"pct":100},"branches":{"total":7,"covered":5,"skipped":0,"pct":71.42},"branchesTrue":{"total":0,"covered":0,"skipped":0,"pct":100}}
,"D:\\GitProjects\\Personal\\Vanguard-Database\\js-cardfight-vanguard-library\\src\\index.ts": {"lines":{"total":3,"covered":3,"skipped":0,"pct":100},"functions":{"total":3,"covered":3,"skipped":0,"pct":100},"statements":{"total":5,"covered":5,"skipped":0,"pct":100},"branches":{"total":0,"covered":0,"skipped":0,"pct":100}}
,"D:\\GitProjects\\Personal\\Vanguard-Database\\js-cardfight-vanguard-library\\src\\helpers\\utils.ts": {"lines":{"total":7,"covered":7,"skipped":0,"pct":100},"functions":{"total":1,"covered":1,"skipped":0,"pct":100},"statements":{"total":7,"covered":7,"skipped":0,"pct":100},"branches":{"total":1,"covered":1,"skipped":0,"pct":100}}
,"D:\\GitProjects\\Personal\\Vanguard-Database\\js-cardfight-vanguard-library\\src\\services\\getCards.ts": {"lines":{"total":16,"covered":15,"skipped":0,"pct":93.75},"functions":{"total":4,"covered":4,"skipped":0,"pct":100},"statements":{"total":23,"covered":20,"skipped":0,"pct":86.95},"branches":{"total":6,"covered":4,"skipped":0,"pct":66.66}}
,"D:\\GitProjects\\Personal\\Vanguard-Database\\js-cardfight-vanguard-library\\src\\services\\getSets.ts": {"lines":{"total":6,"covered":5,"skipped":0,"pct":83.33},"functions":{"total":1,"covered":1,"skipped":0,"pct":100},"statements":{"total":7,"covered":6,"skipped":0,"pct":85.71},"branches":{"total":0,"covered":0,"skipped":0,"pct":100}}
}
