TN:
SF:src\index.ts
FN:6,(anonymous_0)
FN:6,(anonymous_1)
FN:6,(anonymous_2)
FNF:3
FNH:3
FNDA:2,(anonymous_0)
FNDA:2,(anonymous_1)
FNDA:1,(anonymous_2)
DA:3,2
DA:4,2
DA:6,4
LF:3
LH:3
BRF:0
BRH:0
end_of_record
TN:
SF:src\helpers\utils.ts
FN:1,(anonymous_0)
FNF:1
FNH:1
FNDA:2,(anonymous_0)
DA:1,2
DA:2,2
DA:3,2
DA:4,4
DA:5,4
DA:7,2
DA:10,2
LF:7
LH:7
BRDA:4,0,0,4
BRF:1
BRH:1
end_of_record
TN:
SF:src\services\getCards.ts
FN:4,(anonymous_15)
FN:4,(anonymous_16)
FN:22,(anonymous_18)
FN:22,(anonymous_19)
FNF:4
FNH:4
FNDA:2,(anonymous_15)
FNDA:2,(anonymous_16)
FNDA:2,(anonymous_18)
FNDA:2,(anonymous_19)
DA:1,2
DA:2,2
DA:4,2
DA:6,2
DA:7,2
DA:9,2
DA:10,2
DA:14,2
DA:16,2
DA:18,0
DA:22,2
DA:24,2
DA:28,1
DA:30,1
DA:32,1
DA:36,2
LF:16
LH:15
BRDA:6,0,0,1
BRDA:6,0,1,1
BRDA:7,1,0,2
BRDA:7,1,1,2
BRDA:14,2,0,0
BRDA:28,3,0,0
BRF:6
BRH:4
end_of_record
TN:
SF:src\services\getSets.ts
FN:3,(anonymous_13)
FNF:1
FNH:1
FNDA:2,(anonymous_13)
DA:1,2
DA:3,3
DA:5,1
DA:8,1
DA:10,0
DA:14,2
LF:6
LH:5
BRF:0
BRH:0
end_of_record
